mode: atomic
github.com/gopherlibs/big-league-stats/cli/main.go:5.13,7.2 1 0
github.com/gopherlibs/big-league-stats/api/client.go:17.60,22.16 3 0
github.com/gopherlibs/big-league-stats/api/client.go:22.16,24.3 1 0
github.com/gopherlibs/big-league-stats/api/client.go:26.2,28.29 2 0
github.com/gopherlibs/big-league-stats/api/client.go:32.20,35.16 2 0
github.com/gopherlibs/big-league-stats/api/client.go:35.16,37.3 1 0
github.com/gopherlibs/big-league-stats/api/client.go:39.2,45.3 1 0
github.com/gopherlibs/big-league-stats/api/schedule.go:40.91,49.16 6 0
github.com/gopherlibs/big-league-stats/api/schedule.go:49.16,51.3 1 0
github.com/gopherlibs/big-league-stats/api/schedule.go:53.2,54.16 2 0
github.com/gopherlibs/big-league-stats/api/schedule.go:54.16,56.3 1 0
github.com/gopherlibs/big-league-stats/api/schedule.go:57.2,60.16 3 0
github.com/gopherlibs/big-league-stats/api/schedule.go:60.16,62.3 1 0
github.com/gopherlibs/big-league-stats/api/schedule.go:64.2,66.16 3 0
github.com/gopherlibs/big-league-stats/api/schedule.go:66.16,68.3 1 0
github.com/gopherlibs/big-league-stats/api/schedule.go:70.2,70.23 1 0
github.com/gopherlibs/big-league-stats/api/standings.go:33.72,38.16 3 0
github.com/gopherlibs/big-league-stats/api/standings.go:38.16,40.3 1 0
github.com/gopherlibs/big-league-stats/api/standings.go:42.2,43.16 2 0
github.com/gopherlibs/big-league-stats/api/standings.go:43.16,45.3 1 0
github.com/gopherlibs/big-league-stats/api/standings.go:46.2,49.16 3 0
github.com/gopherlibs/big-league-stats/api/standings.go:49.16,51.3 1 0
github.com/gopherlibs/big-league-stats/api/standings.go:53.2,55.16 3 0
github.com/gopherlibs/big-league-stats/api/standings.go:55.16,57.3 1 0
github.com/gopherlibs/big-league-stats/api/standings.go:59.2,59.24 1 0
github.com/gopherlibs/big-league-stats/api/teams.go:25.64,28.16 2 0
github.com/gopherlibs/big-league-stats/api/teams.go:28.16,30.3 1 0
github.com/gopherlibs/big-league-stats/api/teams.go:32.2,33.16 2 0
github.com/gopherlibs/big-league-stats/api/teams.go:33.16,35.3 1 0
github.com/gopherlibs/big-league-stats/api/teams.go:36.2,39.16 3 0
github.com/gopherlibs/big-league-stats/api/teams.go:39.16,41.3 1 0
github.com/gopherlibs/big-league-stats/api/teams.go:43.2,45.16 3 0
github.com/gopherlibs/big-league-stats/api/teams.go:45.16,47.3 1 0
github.com/gopherlibs/big-league-stats/api/teams.go:49.2,49.20 1 0
github.com/gopherlibs/big-league-stats/sdk/conference.go:30.45,32.25 1 0
github.com/gopherlibs/big-league-stats/sdk/conference.go:32.25,34.3 1 0
github.com/gopherlibs/big-league-stats/sdk/conference.go:36.2,36.24 1 0
github.com/gopherlibs/big-league-stats/sdk/conference.go:39.61,41.2 1 0
github.com/gopherlibs/big-league-stats/sdk/conference.go:43.66,45.33 1 0
github.com/gopherlibs/big-league-stats/sdk/conference.go:45.33,46.21 1 0
github.com/gopherlibs/big-league-stats/sdk/conference.go:46.21,48.4 1 0
github.com/gopherlibs/big-league-stats/sdk/conference.go:51.2,51.12 1 0
github.com/gopherlibs/big-league-stats/sdk/conference.go:54.66,56.33 1 0
github.com/gopherlibs/big-league-stats/sdk/conference.go:56.33,57.21 1 0
github.com/gopherlibs/big-league-stats/sdk/conference.go:57.21,59.4 1 0
github.com/gopherlibs/big-league-stats/sdk/conference.go:62.2,62.12 1 0
github.com/gopherlibs/big-league-stats/sdk/conference.go:65.39,67.2 1 0
github.com/gopherlibs/big-league-stats/sdk/division.go:16.27,18.20 1 0
github.com/gopherlibs/big-league-stats/sdk/division.go:18.20,20.3 1 0
github.com/gopherlibs/big-league-stats/sdk/division.go:22.2,22.42 1 0
github.com/gopherlibs/big-league-stats/sdk/division.go:22.42,24.3 1 0
github.com/gopherlibs/big-league-stats/sdk/division.go:27.36,29.2 1 0
github.com/gopherlibs/big-league-stats/sdk/init.go:4.13,53.26 4 0
github.com/gopherlibs/big-league-stats/sdk/init.go:53.26,59.3 3 0
github.com/gopherlibs/big-league-stats/sdk/mlb.go:29.121,47.2 5 0
github.com/gopherlibs/big-league-stats/sdk/mlb.go:49.64,54.16 3 0
github.com/gopherlibs/big-league-stats/sdk/mlb.go:54.16,57.3 2 0
github.com/gopherlibs/big-league-stats/sdk/mlb.go:59.2,62.35 2 0
github.com/gopherlibs/big-league-stats/sdk/mlb.go:62.35,65.29 1 0
github.com/gopherlibs/big-league-stats/sdk/mlb.go:65.29,68.18 2 0
github.com/gopherlibs/big-league-stats/sdk/mlb.go:68.18,70.5 1 0
github.com/gopherlibs/big-league-stats/sdk/mlb.go:72.4,76.6 1 0
github.com/gopherlibs/big-league-stats/sdk/mlb.go:80.2,80.14 1 0
github.com/gopherlibs/big-league-stats/sdk/mlb.go:83.34,88.16 3 0
github.com/gopherlibs/big-league-stats/sdk/mlb.go:88.16,90.3 1 0
github.com/gopherlibs/big-league-stats/sdk/mlb.go:93.2,93.38 1 0
github.com/gopherlibs/big-league-stats/sdk/mlb.go:93.38,98.36 2 0
github.com/gopherlibs/big-league-stats/sdk/mlb.go:98.36,101.16 2 0
github.com/gopherlibs/big-league-stats/sdk/mlb.go:101.16,103.5 1 0
github.com/gopherlibs/big-league-stats/sdk/mlb.go:106.4,107.18 2 0
github.com/gopherlibs/big-league-stats/sdk/mlb.go:107.18,109.5 1 0
github.com/gopherlibs/big-league-stats/sdk/mlb.go:110.4,113.27 2 0
github.com/gopherlibs/big-league-stats/sdk/mlb.go:113.27,115.5 1 0
github.com/gopherlibs/big-league-stats/sdk/mlb.go:115.10,117.19 2 0
github.com/gopherlibs/big-league-stats/sdk/mlb.go:117.19,119.6 1 0
github.com/gopherlibs/big-league-stats/sdk/mlb.go:123.4,126.18 4 0
github.com/gopherlibs/big-league-stats/sdk/mlb.go:126.18,128.5 1 0
github.com/gopherlibs/big-league-stats/sdk/mlb.go:131.3,131.11 1 0
github.com/gopherlibs/big-league-stats/sdk/mlb.go:141.62,148.2 4 0
github.com/gopherlibs/big-league-stats/sdk/mlb.go:152.25,157.16 3 0
github.com/gopherlibs/big-league-stats/sdk/mlb.go:157.16,159.3 1 0
github.com/gopherlibs/big-league-stats/sdk/mlb.go:162.2,162.35 1 0
github.com/gopherlibs/big-league-stats/sdk/mlb.go:162.35,172.3 1 0
github.com/gopherlibs/big-league-stats/sdk/sport.go:8.35,10.26 1 0
github.com/gopherlibs/big-league-stats/sdk/sport.go:10.26,12.3 1 0
github.com/gopherlibs/big-league-stats/sdk/sport.go:14.2,14.27 1 0
github.com/gopherlibs/big-league-stats/sdk/sport.go:17.49,19.2 1 0
github.com/gopherlibs/big-league-stats/sdk/team.go:25.35,27.22 1 0
github.com/gopherlibs/big-league-stats/sdk/team.go:27.22,29.3 1 0
github.com/gopherlibs/big-league-stats/sdk/team.go:31.2,31.42 1 0
github.com/gopherlibs/big-league-stats/sdk/team.go:34.39,37.23 1 0
github.com/gopherlibs/big-league-stats/sdk/team.go:37.23,39.3 1 0
github.com/gopherlibs/big-league-stats/sdk/team.go:41.2,41.47 1 0
github.com/gopherlibs/big-league-stats/sdk/team.go:46.22,48.2 1 0
github.com/gopherlibs/big-league-stats/sdk/team.go:50.31,52.26 1 0
github.com/gopherlibs/big-league-stats/sdk/team.go:52.26,53.17 1 0
github.com/gopherlibs/big-league-stats/sdk/team.go:53.17,55.4 1 0
github.com/gopherlibs/big-league-stats/sdk/team.go:58.2,58.12 1 0
github.com/gopherlibs/big-league-stats/cli/cmd/mlb.go:15.13,27.2 1 0
github.com/gopherlibs/big-league-stats/cli/cmd/root.go:17.16,19.16 2 0
github.com/gopherlibs/big-league-stats/cli/cmd/root.go:19.16,21.3 1 0
github.com/gopherlibs/big-league-stats/cli/cmd/root.go:24.13,34.2 1 0
github.com/gopherlibs/big-league-stats/cli/cmd/schedule.go:19.57,21.32 1 0
github.com/gopherlibs/big-league-stats/cli/cmd/schedule.go:21.32,23.4 1 0
github.com/gopherlibs/big-league-stats/cli/cmd/schedule.go:26.3,26.32 1 0
github.com/gopherlibs/big-league-stats/cli/cmd/schedule.go:26.32,28.4 1 0
github.com/gopherlibs/big-league-stats/cli/cmd/schedule.go:30.3,30.13 1 0
github.com/gopherlibs/big-league-stats/cli/cmd/schedule.go:32.54,39.33 3 0
github.com/gopherlibs/big-league-stats/cli/cmd/schedule.go:39.33,44.4 4 0
github.com/gopherlibs/big-league-stats/cli/cmd/schedule.go:46.3,46.13 1 0
github.com/gopherlibs/big-league-stats/cli/cmd/schedule.go:50.13,56.2 3 0
github.com/gopherlibs/big-league-stats/cli/cmd/standings.go:15.54,19.18 2 0
github.com/gopherlibs/big-league-stats/cli/cmd/standings.go:20.25,21.30 1 0
github.com/gopherlibs/big-league-stats/cli/cmd/standings.go:22.25,23.30 1 0
github.com/gopherlibs/big-league-stats/cli/cmd/standings.go:24.11,25.64 1 0
github.com/gopherlibs/big-league-stats/cli/cmd/standings.go:28.3,32.18 3 0
github.com/gopherlibs/big-league-stats/cli/cmd/standings.go:33.15,34.14 1 0
github.com/gopherlibs/big-league-stats/cli/cmd/standings.go:35.18,36.17 1 0
github.com/gopherlibs/big-league-stats/cli/cmd/standings.go:37.15,38.14 1 0
github.com/gopherlibs/big-league-stats/cli/cmd/standings.go:39.11,40.66 1 0
github.com/gopherlibs/big-league-stats/cli/cmd/standings.go:43.3,45.31 3 0
github.com/gopherlibs/big-league-stats/cli/cmd/standings.go:45.31,47.4 1 0
github.com/gopherlibs/big-league-stats/cli/cmd/standings.go:49.3,49.13 1 0
github.com/gopherlibs/big-league-stats/cli/cmd/standings.go:53.13,65.2 1 0
